This is e-upTeX, Version 3.14159265-p3.7.1-u1.22-161114-2.6 (utf8.uptex) (TeX Live 2017) (preloaded format=uplatex 2018.1.17)  28 JAN 2018 18:28
entering extended mode
 restricted \write18 enabled.
 file:line:error style messages enabled.
 %&-line parsing enabled.
**01preface.tex
(./01preface.tex
pLaTeX2e <2017/10/28u01>+3 (based on LaTeX2e <2017-04-15>)
Babel <3.16> and hyphenation patterns for 84 language(s) loaded.
./01preface.tex:1: Undefined control sequence.
l.1 \chapter
            {序章}
The control sequence at the end of the top line
of your error message was never \def'ed. If you have
misspelled it (e.g., `\hobx'), type `I' and the correct
spelling (e.g., `I\hbox'). Otherwise just continue,
and I'll forget about whatever was undefined.


./01preface.tex:1: LaTeX Error: Missing \begin{document}.

See the LaTeX manual or LaTeX Companion for explanation.
Type  H <return>  for immediate help.
 ...                                              
                                                  
l.1 \chapter{序
                章}
You're in trouble here.  Try typing  <return>  to proceed.
If that doesn't work, type  X <return>  to quit.

./01preface.tex:2: Undefined control sequence.
l.2 \section
            {研究の背景}
The control sequence at the end of the top line
of your error message was never \def'ed. If you have
misspelled it (e.g., `\hobx'), type `I' and the correct
spelling (e.g., `I\hbox'). Otherwise just continue,
and I'll forget about whatever was undefined.


Overfull \hbox (20.0pt too wide) in paragraph at lines 1--3
[]
 []


Overfull \hbox (9.6222pt too wide) in paragraph at lines 1--3
\JY2/mc/m/n/10 序
 []


Overfull \hbox (9.6222pt too wide) in paragraph at lines 1--3
\JY2/mc/m/n/10 章
 []


Overfull \hbox (9.6222pt too wide) in paragraph at lines 1--3
\JY2/mc/m/n/10 研
 []


Overfull \hbox (9.6222pt too wide) in paragraph at lines 1--3
\JY2/mc/m/n/10 究
 []


Overfull \hbox (9.6222pt too wide) in paragraph at lines 1--3
\JY2/mc/m/n/10 の
 []


Overfull \hbox (9.6222pt too wide) in paragraph at lines 1--3
\JY2/mc/m/n/10 背
 []


Overfull \hbox (9.6222pt too wide) in paragraph at lines 1--3
\JY2/mc/m/n/10 景 
 []

./01preface.tex:4: Undefined control sequence.
l.4 \section
            {問題点}
The control sequence at the end of the top line
of your error message was never \def'ed. If you have
misspelled it (e.g., `\hobx'), type `I' and the correct
spelling (e.g., `I\hbox'). Otherwise just continue,
and I'll forget about whatever was undefined.


./01preface.tex:4: LaTeX Error: Missing \begin{document}.

See the LaTeX manual or LaTeX Companion for explanation.
Type  H <return>  for immediate help.
 ...                                              
                                                  
l.4 \section{問
                題点}
You're in trouble here.  Try typing  <return>  to proceed.
If that doesn't work, type  X <return>  to quit.


Overfull \hbox (20.0pt too wide) in paragraph at lines 4--5
[]
 []


Overfull \hbox (9.6222pt too wide) in paragraph at lines 4--5
\JY2/mc/m/n/10 問
 []


Overfull \hbox (9.6222pt too wide) in paragraph at lines 4--5
\JY2/mc/m/n/10 題
 []


Overfull \hbox (9.6222pt too wide) in paragraph at lines 4--5
\JY2/mc/m/n/10 点 
 []

./01preface.tex:7: Undefined control sequence.
l.7 \section
            {研究の目的}
The control sequence at the end of the top line
of your error message was never \def'ed. If you have
misspelled it (e.g., `\hobx'), type `I' and the correct
spelling (e.g., `I\hbox'). Otherwise just continue,
and I'll forget about whatever was undefined.


./01preface.tex:7: LaTeX Error: Missing \begin{document}.

See the LaTeX manual or LaTeX Companion for explanation.
Type  H <return>  for immediate help.
 ...                                              
                                                  
l.7 \section{研
                究の目的}
You're in trouble here.  Try typing  <return>  to proceed.
If that doesn't work, type  X <return>  to quit.

)
! Emergency stop.
<*> 01preface.tex
                 
*** (job aborted, no legal \end found)

 
Here is how much of TeX's memory you used:
 4 strings out of 493634
 50 string characters out of 6148874
 55141 words of memory out of 5000000
 3711 multiletter control sequences out of 15000+600000
 5975 words of font info for 31 fonts, out of 8000000 for 9000
 929 hyphenation exceptions out of 8191
 5i,0n,4p,41b,16s stack positions out of 5000i,500n,10000p,200000b,80000s
No pages of output.
