This is e-pTeX, Version 3.14159265-p3.7.2-170924-2.6 (sjis) (TeX Live 2017/W32TeX) (preloaded format=platex 2017.12.25)  9 JAN 2018 09:55
entering extended mode
 restricted \write18 enabled.
 file:line:error style messages enabled.
 %&-line parsing enabled.
**./02related.tex
(./02related.tex
pLaTeX2e <2017/10/28>+3 (based on LaTeX2e <2017-04-15>)
Babel <3.15> and hyphenation patterns for 84 language(s) loaded.
./02related.tex:1: Undefined control sequence.
l.1 \chapter
            {関連技術}
The control sequence at the end of the top line
of your error message was never \def'ed. If you have
misspelled it (e.g., `\hobx'), type `I' and the correct
spelling (e.g., `I\hbox'). Otherwise just continue,
and I'll forget about whatever was undefined.


./02related.tex:1: LaTeX Error: Missing \begin{document}.

See the LaTeX manual or LaTeX Companion for explanation.
Type  H <return>  for immediate help.
 ...                                              
                                                  
l.1 \chapter{関
               連技術}
You're in trouble here.  Try typing  <return>  to proceed.
If that doesn't work, type  X <return>  to quit.

./02related.tex:2: Undefined control sequence.
l.2 \section
            {IDS}
The control sequence at the end of the top line
of your error message was never \def'ed. If you have
misspelled it (e.g., `\hobx'), type `I' and the correct
spelling (e.g., `I\hbox'). Otherwise just continue,
and I'll forget about whatever was undefined.


Overfull \hbox (20.0pt too wide) in paragraph at lines 1--9
[]
 []


Overfull \hbox (9.62216pt too wide) in paragraph at lines 1--9
\JY1/mc/m/n/10 関
 []


Overfull \hbox (9.62216pt too wide) in paragraph at lines 1--9
\JY1/mc/m/n/10 連
 []


Overfull \hbox (9.62216pt too wide) in paragraph at lines 1--9
\JY1/mc/m/n/10 技
 []


Overfull \hbox (9.62216pt too wide) in paragraph at lines 1--9
\JY1/mc/m/n/10 術
 []


Overfull \hbox (16.80559pt too wide) in paragraph at lines 1--9
\OT1/cmr/m/n/10 IDS
 []


Overfull \hbox (16.80559pt too wide) in paragraph at lines 1--9
\OT1/cmr/m/n/10 IDS
 []


Overfull \hbox (9.62216pt too wide) in paragraph at lines 1--9
\JY1/mc/m/n/10 と
 []


Overfull \hbox (9.62216pt too wide) in paragraph at lines 1--9
\JY1/mc/m/n/10 は
 []


Overfull \hbox (12.50002pt too wide) in paragraph at lines 1--9
\OT1/cmr/m/n/10 In-
 []


Overfull \hbox (16.69447pt too wide) in paragraph at lines 1--9
\OT1/cmr/m/n/10 tru-
 []


Overfull \hbox (17.27782pt too wide) in paragraph at lines 1--9
\OT1/cmr/m/n/10 sion
 []


Overfull \hbox (15.41667pt too wide) in paragraph at lines 1--9
\OT1/cmr/m/n/10 De-
 []


Overfull \hbox (16.11111pt too wide) in paragraph at lines 1--9
\OT1/cmr/m/n/10 tec-
 []


Overfull \hbox (17.22227pt too wide) in paragraph at lines 1--9
\OT1/cmr/m/n/10 tion
 []


Overfull \hbox (18.11115pt too wide) in paragraph at lines 1--9
\OT1/cmr/m/n/10 Sys-
 []


Overfull \hbox (21.70683pt too wide) in paragraph at lines 1--9
\OT1/cmr/m/n/10 tem\JY1/mc/m/n/10 、
 []


Overfull \hbox (9.62216pt too wide) in paragraph at lines 1--9
\JY1/mc/m/n/10 つ
 []


Overfull \hbox (9.62216pt too wide) in paragraph at lines 1--9
\JY1/mc/m/n/10 ま
 []


Overfull \hbox (9.62216pt too wide) in paragraph at lines 1--9
\JY1/mc/m/n/10 り
 []


Overfull \hbox (9.62216pt too wide) in paragraph at lines 1--9
\JY1/mc/m/n/10 は
 []


Overfull \hbox (9.62216pt too wide) in paragraph at lines 1--9
\JY1/mc/m/n/10 不
 []


Overfull \hbox (9.62216pt too wide) in paragraph at lines 1--9
\JY1/mc/m/n/10 正
 []


Overfull \hbox (9.62216pt too wide) in paragraph at lines 1--9
\JY1/mc/m/n/10 侵
 []


Overfull \hbox (9.62216pt too wide) in paragraph at lines 1--9
\JY1/mc/m/n/10 入
 []


Overfull \hbox (9.62216pt too wide) in paragraph at lines 1--9
\JY1/mc/m/n/10 検
 []


Overfull \hbox (9.62216pt too wide) in paragraph at lines 1--9
\JY1/mc/m/n/10 知
 []


Overfull \hbox (9.62216pt too wide) in paragraph at lines 1--9
\JY1/mc/m/n/10 シ
 []


Overfull \hbox (9.62216pt too wide) in paragraph at lines 1--9
\JY1/mc/m/n/10 ス
 []


Overfull \hbox (9.62216pt too wide) in paragraph at lines 1--9
\JY1/mc/m/n/10 テ
 []


Overfull \hbox (9.62216pt too wide) in paragraph at lines 1--9
\JY1/mc/m/n/10 ム
 []


Overfull \hbox (9.62216pt too wide) in paragraph at lines 1--9
\JY1/mc/m/n/10 の
 []


Overfull \hbox (9.62216pt too wide) in paragraph at lines 1--9
\JY1/mc/m/n/10 略
 []


Overfull \hbox (9.62216pt too wide) in paragraph at lines 1--9
\JY1/mc/m/n/10 称
 []


Overfull \hbox (9.62216pt too wide) in paragraph at lines 1--9
\JY1/mc/m/n/10 で
 []


Overfull \hbox (9.62216pt too wide) in paragraph at lines 1--9
\JY1/mc/m/n/10 あ
 []


Overfull \hbox (14.1623pt too wide) in paragraph at lines 1--9
\JY1/mc/m/n/10 る 。 
 []


Overfull \hbox (16.80559pt too wide) in paragraph at lines 1--9
[]\OT1/cmr/m/n/10 IDS
 []


Overfull \hbox (9.62216pt too wide) in paragraph at lines 1--9
\JY1/mc/m/n/10 の
 []


Overfull \hbox (9.62216pt too wide) in paragraph at lines 1--9
\JY1/mc/m/n/10 機
 []


Overfull \hbox (9.62216pt too wide) in paragraph at lines 1--9
\JY1/mc/m/n/10 能
 []


Overfull \hbox (9.62216pt too wide) in paragraph at lines 1--9
\JY1/mc/m/n/10 と
 []


Overfull \hbox (9.62216pt too wide) in paragraph at lines 1--9
\JY1/mc/m/n/10 し
 []


Overfull \hbox (14.1623pt too wide) in paragraph at lines 1--9
\JY1/mc/m/n/10 て 、
 []


Overfull \hbox (9.62216pt too wide) in paragraph at lines 1--9
\JY1/mc/m/n/10 ネ
 []


Overfull \hbox (7.47433pt too wide) in paragraph at lines 1--9
\JY1/mc/m/n/10 ッ
 []


Overfull \hbox (9.62216pt too wide) in paragraph at lines 1--9
\JY1/mc/m/n/10 ト
 []


Overfull \hbox (18.74432pt too wide) in paragraph at lines 1--9
\JY1/mc/m/n/10 ワ ー
 []


Overfull \hbox (9.62216pt too wide) in paragraph at lines 1--9
\JY1/mc/m/n/10 ク
 []


Overfull \hbox (9.62216pt too wide) in paragraph at lines 1--9
\JY1/mc/m/n/10 上
 []


Overfull \hbox (9.62216pt too wide) in paragraph at lines 1--9
\JY1/mc/m/n/10 に
 []


Overfull \hbox (9.62216pt too wide) in paragraph at lines 1--9
\JY1/mc/m/n/10 流
 []


Overfull \hbox (9.62216pt too wide) in paragraph at lines 1--9
\JY1/mc/m/n/10 れ
 []


Overfull \hbox (9.62216pt too wide) in paragraph at lines 1--9
\JY1/mc/m/n/10 る
 []


Overfull \hbox (9.62216pt too wide) in paragraph at lines 1--9
\JY1/mc/m/n/10 パ
 []


Overfull \hbox (9.62216pt too wide) in paragraph at lines 1--9
\JY1/mc/m/n/10 ケ
 []


Overfull \hbox (7.47433pt too wide) in paragraph at lines 1--9
\JY1/mc/m/n/10 ッ
 []


Overfull \hbox (9.62216pt too wide) in paragraph at lines 1--9
\JY1/mc/m/n/10 ト
 []


Overfull \hbox (9.62216pt too wide) in paragraph at lines 1--9
\JY1/mc/m/n/10 を
 []


Overfull \hbox (9.62216pt too wide) in paragraph at lines 1--9
\JY1/mc/m/n/10 解
 []


Overfull \hbox (9.62216pt too wide) in paragraph at lines 1--9
\JY1/mc/m/n/10 析
 []


Overfull \hbox (14.1623pt too wide) in paragraph at lines 1--9
\JY1/mc/m/n/10 し 、
 []


Overfull \hbox (9.62216pt too wide) in paragraph at lines 1--9
\JY1/mc/m/n/10 不
 []


Overfull \hbox (9.62216pt too wide) in paragraph at lines 1--9
\JY1/mc/m/n/10 正
 []


Overfull \hbox (9.62216pt too wide) in paragraph at lines 1--9
\JY1/mc/m/n/10 な
 []


Overfull \hbox (9.62216pt too wide) in paragraph at lines 1--9
\JY1/mc/m/n/10 ア
 []


Overfull \hbox (9.62216pt too wide) in paragraph at lines 1--9
\JY1/mc/m/n/10 ク
 []


Overfull \hbox (9.62216pt too wide) in paragraph at lines 1--9
\JY1/mc/m/n/10 セ
 []


Overfull \hbox (9.62216pt too wide) in paragraph at lines 1--9
\JY1/mc/m/n/10 ス
 []


Overfull \hbox (9.62216pt too wide) in paragraph at lines 1--9
\JY1/mc/m/n/10 の
 []


Overfull \hbox (9.62216pt too wide) in paragraph at lines 1--9
\JY1/mc/m/n/10 痕
 []


Overfull \hbox (9.62216pt too wide) in paragraph at lines 1--9
\JY1/mc/m/n/10 跡
 []


Overfull \hbox (9.62216pt too wide) in paragraph at lines 1--9
\JY1/mc/m/n/10 を
 []


Overfull \hbox (9.62216pt too wide) in paragraph at lines 1--9
\JY1/mc/m/n/10 見
 []


Overfull \hbox (9.62216pt too wide) in paragraph at lines 1--9
\JY1/mc/m/n/10 つ
 []


Overfull \hbox (9.62216pt too wide) in paragraph at lines 1--9
\JY1/mc/m/n/10 け
 []


Overfull \hbox (9.62216pt too wide) in paragraph at lines 1--9
\JY1/mc/m/n/10 た
 []


Overfull \hbox (9.62216pt too wide) in paragraph at lines 1--9
\JY1/mc/m/n/10 場
 []


Overfull \hbox (9.62216pt too wide) in paragraph at lines 1--9
\JY1/mc/m/n/10 合
 []


Overfull \hbox (9.62216pt too wide) in paragraph at lines 1--9
\JY1/mc/m/n/10 管
 []


Overfull \hbox (9.62216pt too wide) in paragraph at lines 1--9
\JY1/mc/m/n/10 理
 []


Overfull \hbox (9.62216pt too wide) in paragraph at lines 1--9
\JY1/mc/m/n/10 者
 []


Overfull \hbox (9.62216pt too wide) in paragraph at lines 1--9
\JY1/mc/m/n/10 に
 []


Overfull \hbox (9.62216pt too wide) in paragraph at lines 1--9
\JY1/mc/m/n/10 通
 []


Overfull \hbox (9.62216pt too wide) in paragraph at lines 1--9
\JY1/mc/m/n/10 報
 []


Overfull \hbox (9.62216pt too wide) in paragraph at lines 1--9
\JY1/mc/m/n/10 す
 []


Overfull \hbox (9.62216pt too wide) in paragraph at lines 1--9
\JY1/mc/m/n/10 る
 []


Overfull \hbox (9.62216pt too wide) in paragraph at lines 1--9
\JY1/mc/m/n/10 と
 []


Overfull \hbox (9.62216pt too wide) in paragraph at lines 1--9
\JY1/mc/m/n/10 い
 []


Overfull \hbox (9.62216pt too wide) in paragraph at lines 1--9
\JY1/mc/m/n/10 う
 []


Overfull \hbox (9.62216pt too wide) in paragraph at lines 1--9
\JY1/mc/m/n/10 も
 []


Overfull \hbox (9.62216pt too wide) in paragraph at lines 1--9
\JY1/mc/m/n/10 の
 []


Overfull \hbox (9.62216pt too wide) in paragraph at lines 1--9
\JY1/mc/m/n/10 で
 []


Overfull \hbox (9.62216pt too wide) in paragraph at lines 1--9
\JY1/mc/m/n/10 あ
 []


Overfull \hbox (14.1623pt too wide) in paragraph at lines 1--9
\JY1/mc/m/n/10 る 。 
 []


Overfull \hbox (9.62216pt too wide) in paragraph at lines 1--9
\JY1/mc/m/n/10 通
 []


Overfull \hbox (9.62216pt too wide) in paragraph at lines 1--9
\JY1/mc/m/n/10 常
 []


Overfull \hbox (16.80559pt too wide) in paragraph at lines 1--9
\OT1/cmr/m/n/10 IDS
 []


Overfull \hbox (9.62216pt too wide) in paragraph at lines 1--9
\JY1/mc/m/n/10 は
 []


Overfull \hbox (9.62216pt too wide) in paragraph at lines 1--9
\JY1/mc/m/n/10 内
 []


Overfull \hbox (9.62216pt too wide) in paragraph at lines 1--9
\JY1/mc/m/n/10 部
 []


Overfull \hbox (9.62216pt too wide) in paragraph at lines 1--9
\JY1/mc/m/n/10 ネ
 []


Overfull \hbox (7.47433pt too wide) in paragraph at lines 1--9
\JY1/mc/m/n/10 ッ
 []


Overfull \hbox (9.62216pt too wide) in paragraph at lines 1--9
\JY1/mc/m/n/10 ト
 []


Overfull \hbox (18.74432pt too wide) in paragraph at lines 1--9
\JY1/mc/m/n/10 ワ ー
 []


Overfull \hbox (9.62216pt too wide) in paragraph at lines 1--9
\JY1/mc/m/n/10 ク
 []


Overfull \hbox (9.62216pt too wide) in paragraph at lines 1--9
\JY1/mc/m/n/10 と
 []


Overfull \hbox (9.62216pt too wide) in paragraph at lines 1--9
\JY1/mc/m/n/10 外
 []


Overfull \hbox (9.62216pt too wide) in paragraph at lines 1--9
\JY1/mc/m/n/10 部
 []


Overfull \hbox (9.62216pt too wide) in paragraph at lines 1--9
\JY1/mc/m/n/10 ネ
 []


Overfull \hbox (7.47433pt too wide) in paragraph at lines 1--9
\JY1/mc/m/n/10 ッ
 []


Overfull \hbox (9.62216pt too wide) in paragraph at lines 1--9
\JY1/mc/m/n/10 ト
 []


Overfull \hbox (18.74432pt too wide) in paragraph at lines 1--9
\JY1/mc/m/n/10 ワ ー
 []


Overfull \hbox (9.62216pt too wide) in paragraph at lines 1--9
\JY1/mc/m/n/10 ク
 []


Overfull \hbox (9.62216pt too wide) in paragraph at lines 1--9
\JY1/mc/m/n/10 と
 []


Overfull \hbox (9.62216pt too wide) in paragraph at lines 1--9
\JY1/mc/m/n/10 の
 []


Overfull \hbox (9.62216pt too wide) in paragraph at lines 1--9
\JY1/mc/m/n/10 境
 []


Overfull \hbox (9.62216pt too wide) in paragraph at lines 1--9
\JY1/mc/m/n/10 界
 []


Overfull \hbox (9.62216pt too wide) in paragraph at lines 1--9
\JY1/mc/m/n/10 に
 []


Overfull \hbox (9.62216pt too wide) in paragraph at lines 1--9
\JY1/mc/m/n/10 置
 []


Overfull \hbox (14.1623pt too wide) in paragraph at lines 1--9
\JY1/mc/m/n/10 き 、
 []


Overfull \hbox (9.62216pt too wide) in paragraph at lines 1--9
\JY1/mc/m/n/10 両
 []


Overfull \hbox (9.62216pt too wide) in paragraph at lines 1--9
\JY1/mc/m/n/10 間
 []


Overfull \hbox (9.62216pt too wide) in paragraph at lines 1--9
\JY1/mc/m/n/10 の
 []


Overfull \hbox (9.62216pt too wide) in paragraph at lines 1--9
\JY1/mc/m/n/10 通
 []


Overfull \hbox (9.62216pt too wide) in paragraph at lines 1--9
\JY1/mc/m/n/10 信
 []


Overfull \hbox (9.62216pt too wide) in paragraph at lines 1--9
\JY1/mc/m/n/10 を
 []


Overfull \hbox (9.62216pt too wide) in paragraph at lines 1--9
\JY1/mc/m/n/10 読
 []


Overfull \hbox (9.62216pt too wide) in paragraph at lines 1--9
\JY1/mc/m/n/10 み
 []


Overfull \hbox (9.62216pt too wide) in paragraph at lines 1--9
\JY1/mc/m/n/10 取
 []


Overfull \hbox (9.62216pt too wide) in paragraph at lines 1--9
\JY1/mc/m/n/10 り
 []


Overfull \hbox (9.62216pt too wide) in paragraph at lines 1--9
\JY1/mc/m/n/10 解
 []


Overfull \hbox (9.62216pt too wide) in paragraph at lines 1--9
\JY1/mc/m/n/10 析
 []


Overfull \hbox (9.62216pt too wide) in paragraph at lines 1--9
\JY1/mc/m/n/10 す
 []


Overfull \hbox (9.62216pt too wide) in paragraph at lines 1--9
\JY1/mc/m/n/10 る
 []


Overfull \hbox (9.62216pt too wide) in paragraph at lines 1--9
\JY1/mc/m/n/10 た
 []


Overfull \hbox (9.62216pt too wide) in paragraph at lines 1--9
\JY1/mc/m/n/10 め
 []


Overfull \hbox (9.62216pt too wide) in paragraph at lines 1--9
\JY1/mc/m/n/10 サ
 []


Overfull \hbox (9.62216pt too wide) in paragraph at lines 1--9
\JY1/mc/m/n/10 イ
 []


Overfull \hbox (18.74432pt too wide) in paragraph at lines 1--9
\JY1/mc/m/n/10 バ ー
 []


Overfull \hbox (9.62216pt too wide) in paragraph at lines 1--9
\JY1/mc/m/n/10 セ
 []


Overfull \hbox (9.62216pt too wide) in paragraph at lines 1--9
\JY1/mc/m/n/10 キ
 []


Overfull \hbox (7.47433pt too wide) in paragraph at lines 1--9
\JY1/mc/m/n/10 ュ
 []


Overfull \hbox (9.62216pt too wide) in paragraph at lines 1--9
\JY1/mc/m/n/10 リ
 []


Overfull \hbox (9.62216pt too wide) in paragraph at lines 1--9
\JY1/mc/m/n/10 テ
 []


Overfull \hbox (7.47433pt too wide) in paragraph at lines 1--9
\JY1/mc/m/n/10 ィ
 []


Overfull \hbox (9.62216pt too wide) in paragraph at lines 1--9
\JY1/mc/m/n/10 の
 []


Overfull \hbox (9.62216pt too wide) in paragraph at lines 1--9
\JY1/mc/m/n/10 要
 []


Overfull \hbox (9.62216pt too wide) in paragraph at lines 1--9
\JY1/mc/m/n/10 と
 []


Overfull \hbox (9.62216pt too wide) in paragraph at lines 1--9
\JY1/mc/m/n/10 も
 []


Overfull \hbox (9.62216pt too wide) in paragraph at lines 1--9
\JY1/mc/m/n/10 言
 []


Overfull \hbox (9.62216pt too wide) in paragraph at lines 1--9
\JY1/mc/m/n/10 え
 []


Overfull \hbox (9.62216pt too wide) in paragraph at lines 1--9
\JY1/mc/m/n/10 る
 []


Overfull \hbox (9.62216pt too wide) in paragraph at lines 1--9
\JY1/mc/m/n/10 シ
 []


Overfull \hbox (9.62216pt too wide) in paragraph at lines 1--9
\JY1/mc/m/n/10 ス
 []


Overfull \hbox (9.62216pt too wide) in paragraph at lines 1--9
\JY1/mc/m/n/10 テ
 []


Overfull \hbox (9.62216pt too wide) in paragraph at lines 1--9
\JY1/mc/m/n/10 ム
 []


Overfull \hbox (9.62216pt too wide) in paragraph at lines 1--9
\JY1/mc/m/n/10 で
 []


Overfull \hbox (9.62216pt too wide) in paragraph at lines 1--9
\JY1/mc/m/n/10 あ
 []


Overfull \hbox (14.1623pt too wide) in paragraph at lines 1--9
\JY1/mc/m/n/10 る 。 
 []


Overfull \hbox (9.62216pt too wide) in paragraph at lines 1--9
\JY1/mc/m/n/10 似
 []


Overfull \hbox (9.62216pt too wide) in paragraph at lines 1--9
\JY1/mc/m/n/10 た
 []


Overfull \hbox (9.62216pt too wide) in paragraph at lines 1--9
\JY1/mc/m/n/10 機
 []


Overfull \hbox (9.62216pt too wide) in paragraph at lines 1--9
\JY1/mc/m/n/10 能
 []


Overfull \hbox (9.62216pt too wide) in paragraph at lines 1--9
\JY1/mc/m/n/10 を
 []


Overfull \hbox (9.62216pt too wide) in paragraph at lines 1--9
\JY1/mc/m/n/10 搭
 []


Overfull \hbox (9.62216pt too wide) in paragraph at lines 1--9
\JY1/mc/m/n/10 載
 []


Overfull \hbox (9.62216pt too wide) in paragraph at lines 1--9
\JY1/mc/m/n/10 し
 []


Overfull \hbox (9.62216pt too wide) in paragraph at lines 1--9
\JY1/mc/m/n/10 た
 []


Overfull \hbox (9.62216pt too wide) in paragraph at lines 1--9
\JY1/mc/m/n/10 シ
 []


Overfull \hbox (9.62216pt too wide) in paragraph at lines 1--9
\JY1/mc/m/n/10 ス
 []


Overfull \hbox (9.62216pt too wide) in paragraph at lines 1--9
\JY1/mc/m/n/10 テ
 []


Overfull \hbox (9.62216pt too wide) in paragraph at lines 1--9
\JY1/mc/m/n/10 ム
 []


Overfull \hbox (9.62216pt too wide) in paragraph at lines 1--9
\JY1/mc/m/n/10 と
 []


Overfull \hbox (9.62216pt too wide) in paragraph at lines 1--9
\JY1/mc/m/n/10 し
 []


Overfull \hbox (9.62216pt too wide) in paragraph at lines 1--9
\JY1/mc/m/n/10 て
 []


Overfull \hbox (20.34225pt too wide) in paragraph at lines 1--9
\OT1/cmr/m/n/10 FW \JY1/mc/m/n/10 ・
 []


Overfull \hbox (15.97226pt too wide) in paragraph at lines 1--9
\OT1/cmr/m/n/10 IPS
 []


Overfull \hbox (9.62216pt too wide) in paragraph at lines 1--9
\JY1/mc/m/n/10 が
 []


Overfull \hbox (9.62216pt too wide) in paragraph at lines 1--9
\JY1/mc/m/n/10 存
 []


Overfull \hbox (9.62216pt too wide) in paragraph at lines 1--9
\JY1/mc/m/n/10 在
 []


Overfull \hbox (9.62216pt too wide) in paragraph at lines 1--9
\JY1/mc/m/n/10 す
 []


Overfull \hbox (14.1623pt too wide) in paragraph at lines 1--9
\JY1/mc/m/n/10 る 。 
 []


Overfull \hbox (16.8056pt too wide) in paragraph at lines 1--9
[]\OT1/cmr/m/n/10 FW
 []


Overfull \hbox (9.62216pt too wide) in paragraph at lines 1--9
\JY1/mc/m/n/10 は
 []


Overfull \hbox (9.62216pt too wide) in paragraph at lines 1--9
\JY1/mc/m/n/10 通
 []


Overfull \hbox (9.62216pt too wide) in paragraph at lines 1--9
\JY1/mc/m/n/10 常
 []


Overfull \hbox (10.41669pt too wide) in paragraph at lines 1--9
\OT1/cmr/m/n/10 IP
 []


Overfull \hbox (9.62216pt too wide) in paragraph at lines 1--9
\JY1/mc/m/n/10 ア
 []


Overfull \hbox (9.62216pt too wide) in paragraph at lines 1--9
\JY1/mc/m/n/10 ド
 []


Overfull \hbox (9.62216pt too wide) in paragraph at lines 1--9
\JY1/mc/m/n/10 レ
 []


Overfull \hbox (13.15881pt too wide) in paragraph at lines 1--9
\JY1/mc/m/n/10 ス ・
 []


Overfull \hbox (9.62216pt too wide) in paragraph at lines 1--9
\JY1/mc/m/n/10 プ
 []


Overfull \hbox (9.62216pt too wide) in paragraph at lines 1--9
\JY1/mc/m/n/10 ロ
 []


Overfull \hbox (9.62216pt too wide) in paragraph at lines 1--9
\JY1/mc/m/n/10 ト
 []


Overfull \hbox (9.62216pt too wide) in paragraph at lines 1--9
\JY1/mc/m/n/10 コ
 []


Overfull \hbox (13.15881pt too wide) in paragraph at lines 1--9
\JY1/mc/m/n/10 ル ・
 []


Overfull \hbox (18.74432pt too wide) in paragraph at lines 1--9
\JY1/mc/m/n/10 ポ ー
 []


Overfull \hbox (9.62216pt too wide) in paragraph at lines 1--9
\JY1/mc/m/n/10 ト
 []


Overfull \hbox (9.62216pt too wide) in paragraph at lines 1--9
\JY1/mc/m/n/10 番
 []


Overfull \hbox (9.62216pt too wide) in paragraph at lines 1--9
\JY1/mc/m/n/10 号
 []


Overfull \hbox (9.62216pt too wide) in paragraph at lines 1--9
\JY1/mc/m/n/10 の
 []


Overfull \hbox (9.62216pt too wide) in paragraph at lines 1--9
\JY1/mc/m/n/10 み
 []


Overfull \hbox (9.62216pt too wide) in paragraph at lines 1--9
\JY1/mc/m/n/10 を
 []


Overfull \hbox (9.62216pt too wide) in paragraph at lines 1--9
\JY1/mc/m/n/10 チ
 []


Overfull \hbox (7.47433pt too wide) in paragraph at lines 1--9
\JY1/mc/m/n/10 ェ
 []


Overfull \hbox (7.47433pt too wide) in paragraph at lines 1--9
\JY1/mc/m/n/10 ッ
 []


Overfull \hbox (9.62216pt too wide) in paragraph at lines 1--9
\JY1/mc/m/n/10 ク
 []


Overfull \hbox (14.1623pt too wide) in paragraph at lines 1--9
\JY1/mc/m/n/10 し 、
 []


Overfull \hbox (9.62216pt too wide) in paragraph at lines 1--9
\JY1/mc/m/n/10 中
 []


Overfull \hbox (9.62216pt too wide) in paragraph at lines 1--9
\JY1/mc/m/n/10 身
 []


Overfull \hbox (9.62216pt too wide) in paragraph at lines 1--9
\JY1/mc/m/n/10 を
 []


Overfull \hbox (9.62216pt too wide) in paragraph at lines 1--9
\JY1/mc/m/n/10 見
 []


Overfull \hbox (9.62216pt too wide) in paragraph at lines 1--9
\JY1/mc/m/n/10 る
 []


Overfull \hbox (9.62216pt too wide) in paragraph at lines 1--9
\JY1/mc/m/n/10 こ
 []


Overfull \hbox (9.62216pt too wide) in paragraph at lines 1--9
\JY1/mc/m/n/10 と
 []


Overfull \hbox (9.62216pt too wide) in paragraph at lines 1--9
\JY1/mc/m/n/10 が
 []


Overfull \hbox (9.62216pt too wide) in paragraph at lines 1--9
\JY1/mc/m/n/10 で
 []


Overfull \hbox (9.62216pt too wide) in paragraph at lines 1--9
\JY1/mc/m/n/10 き
 []


Overfull \hbox (9.62216pt too wide) in paragraph at lines 1--9
\JY1/mc/m/n/10 な
 []


Overfull \hbox (9.62216pt too wide) in paragraph at lines 1--9
\JY1/mc/m/n/10 い
 []


Overfull \hbox (9.62216pt too wide) in paragraph at lines 1--9
\JY1/mc/m/n/10 た
 []


Overfull \hbox (9.62216pt too wide) in paragraph at lines 1--9
\JY1/mc/m/n/10 め
 []


Overfull \hbox (9.62216pt too wide) in paragraph at lines 1--9
\JY1/mc/m/n/10 通
 []


Overfull \hbox (9.62216pt too wide) in paragraph at lines 1--9
\JY1/mc/m/n/10 常
 []


Overfull \hbox (9.62216pt too wide) in paragraph at lines 1--9
\JY1/mc/m/n/10 の
 []


Overfull \hbox (9.62216pt too wide) in paragraph at lines 1--9
\JY1/mc/m/n/10 ア
 []


Overfull \hbox (9.62216pt too wide) in paragraph at lines 1--9
\JY1/mc/m/n/10 ク
 []


Overfull \hbox (9.62216pt too wide) in paragraph at lines 1--9
\JY1/mc/m/n/10 セ
 []


Overfull \hbox (9.62216pt too wide) in paragraph at lines 1--9
\JY1/mc/m/n/10 ス
 []


Overfull \hbox (9.62216pt too wide) in paragraph at lines 1--9
\JY1/mc/m/n/10 と
 []


Overfull \hbox (9.62216pt too wide) in paragraph at lines 1--9
\JY1/mc/m/n/10 偽
 []


Overfull \hbox (9.62216pt too wide) in paragraph at lines 1--9
\JY1/mc/m/n/10 装
 []


Overfull \hbox (9.62216pt too wide) in paragraph at lines 1--9
\JY1/mc/m/n/10 し
 []


Overfull \hbox (9.62216pt too wide) in paragraph at lines 1--9
\JY1/mc/m/n/10 た
 []


Overfull \hbox (9.62216pt too wide) in paragraph at lines 1--9
\JY1/mc/m/n/10 ア
 []


Overfull \hbox (9.62216pt too wide) in paragraph at lines 1--9
\JY1/mc/m/n/10 ク
 []


Overfull \hbox (9.62216pt too wide) in paragraph at lines 1--9
\JY1/mc/m/n/10 セ
 []


Overfull \hbox (9.62216pt too wide) in paragraph at lines 1--9
\JY1/mc/m/n/10 ス
 []


Overfull \hbox (9.62216pt too wide) in paragraph at lines 1--9
\JY1/mc/m/n/10 と
 []


Overfull \hbox (9.62216pt too wide) in paragraph at lines 1--9
\JY1/mc/m/n/10 の
 []


Overfull \hbox (9.62216pt too wide) in paragraph at lines 1--9
\JY1/mc/m/n/10 区
 []


Overfull \hbox (9.62216pt too wide) in paragraph at lines 1--9
\JY1/mc/m/n/10 別
 []


Overfull \hbox (9.62216pt too wide) in paragraph at lines 1--9
\JY1/mc/m/n/10 が
 []


Overfull \hbox (9.62216pt too wide) in paragraph at lines 1--9
\JY1/mc/m/n/10 つ
 []


Overfull \hbox (9.62216pt too wide) in paragraph at lines 1--9
\JY1/mc/m/n/10 く
 []


Overfull \hbox (9.62216pt too wide) in paragraph at lines 1--9
\JY1/mc/m/n/10 こ
 []


Overfull \hbox (9.62216pt too wide) in paragraph at lines 1--9
\JY1/mc/m/n/10 と
 []


Overfull \hbox (9.62216pt too wide) in paragraph at lines 1--9
\JY1/mc/m/n/10 が
 []


Overfull \hbox (9.62216pt too wide) in paragraph at lines 1--9
\JY1/mc/m/n/10 で
 []


Overfull \hbox (9.62216pt too wide) in paragraph at lines 1--9
\JY1/mc/m/n/10 き
 []


Overfull \hbox (9.62216pt too wide) in paragraph at lines 1--9
\JY1/mc/m/n/10 な
 []


Overfull \hbox (14.1623pt too wide) in paragraph at lines 1--9
\JY1/mc/m/n/10 い 。
 []


Overfull \hbox (9.62216pt too wide) in paragraph at lines 1--9
\JY1/mc/m/n/10 例
 []


Overfull \hbox (9.62216pt too wide) in paragraph at lines 1--9
\JY1/mc/m/n/10 え
 []


Overfull \hbox (9.62216pt too wide) in paragraph at lines 1--9
\JY1/mc/m/n/10 ば
 []


Overfull \hbox (16.94446pt too wide) in paragraph at lines 1--9
\OT1/cmr/m/n/10 web
 []


Overfull \hbox (9.62216pt too wide) in paragraph at lines 1--9
\JY1/mc/m/n/10 観
 []


Overfull \hbox (9.62216pt too wide) in paragraph at lines 1--9
\JY1/mc/m/n/10 閲
 []


Overfull \hbox (9.62216pt too wide) in paragraph at lines 1--9
\JY1/mc/m/n/10 の
 []


Overfull \hbox (9.62216pt too wide) in paragraph at lines 1--9
\JY1/mc/m/n/10 た
 []


Overfull \hbox (9.62216pt too wide) in paragraph at lines 1--9
\JY1/mc/m/n/10 め
 []


Overfull \hbox (9.62216pt too wide) in paragraph at lines 1--9
\JY1/mc/m/n/10 の
 []


Overfull \hbox (29.3334pt too wide) in paragraph at lines 1--9
\OT1/cmr/m/n/10 Port80
 []


Overfull \hbox (9.62216pt too wide) in paragraph at lines 1--9
\JY1/mc/m/n/10 は
 []


Overfull \hbox (9.62216pt too wide) in paragraph at lines 1--9
\JY1/mc/m/n/10 通
 []


Overfull \hbox (9.62216pt too wide) in paragraph at lines 1--9
\JY1/mc/m/n/10 す
 []


Overfull \hbox (9.62216pt too wide) in paragraph at lines 1--9
\JY1/mc/m/n/10 設
 []


Overfull \hbox (9.62216pt too wide) in paragraph at lines 1--9
\JY1/mc/m/n/10 定
 []


Overfull \hbox (9.62216pt too wide) in paragraph at lines 1--9
\JY1/mc/m/n/10 に
 []


Overfull \hbox (9.62216pt too wide) in paragraph at lines 1--9
\JY1/mc/m/n/10 し
 []


Overfull \hbox (9.62216pt too wide) in paragraph at lines 1--9
\JY1/mc/m/n/10 て
 []


Overfull \hbox (9.62216pt too wide) in paragraph at lines 1--9
\JY1/mc/m/n/10 い
 []


Overfull \hbox (9.62216pt too wide) in paragraph at lines 1--9
\JY1/mc/m/n/10 る
 []


Overfull \hbox (14.1623pt too wide) in paragraph at lines 1--9
\JY1/mc/m/n/10 と 、
 []


Overfull \hbox (9.62216pt too wide) in paragraph at lines 1--9
\JY1/mc/m/n/10 マ
 []


Overfull \hbox (9.62216pt too wide) in paragraph at lines 1--9
\JY1/mc/m/n/10 ル
 []


Overfull \hbox (9.62216pt too wide) in paragraph at lines 1--9
\JY1/mc/m/n/10 ウ
 []


Overfull \hbox (7.47433pt too wide) in paragraph at lines 1--9
\JY1/mc/m/n/10 ェ
 []


Overfull \hbox (9.62216pt too wide) in paragraph at lines 1--9
\JY1/mc/m/n/10 ア
 []


Overfull \hbox (9.62216pt too wide) in paragraph at lines 1--9
\JY1/mc/m/n/10 通
 []


Overfull \hbox (9.62216pt too wide) in paragraph at lines 1--9
\JY1/mc/m/n/10 信
 []


Overfull \hbox (9.62216pt too wide) in paragraph at lines 1--9
\JY1/mc/m/n/10 で
 []


Overfull \hbox (29.3334pt too wide) in paragraph at lines 1--9
\OT1/cmr/m/n/10 Port40
 []


Overfull \hbox (9.62216pt too wide) in paragraph at lines 1--9
\JY1/mc/m/n/10 通
 []


Overfull \hbox (9.62216pt too wide) in paragraph at lines 1--9
\JY1/mc/m/n/10 信
 []


Overfull \hbox (9.62216pt too wide) in paragraph at lines 1--9
\JY1/mc/m/n/10 し
 []


Overfull \hbox (9.62216pt too wide) in paragraph at lines 1--9
\JY1/mc/m/n/10 て
 []


Overfull \hbox (9.62216pt too wide) in paragraph at lines 1--9
\JY1/mc/m/n/10 い
 []


Overfull \hbox (9.62216pt too wide) in paragraph at lines 1--9
\JY1/mc/m/n/10 る
 []


Overfull \hbox (9.62216pt too wide) in paragraph at lines 1--9
\JY1/mc/m/n/10 場
 []


Overfull \hbox (9.62216pt too wide) in paragraph at lines 1--9
\JY1/mc/m/n/10 合
 []


Overfull \hbox (9.62216pt too wide) in paragraph at lines 1--9
\JY1/mc/m/n/10 に
 []


Overfull \hbox (9.62216pt too wide) in paragraph at lines 1--9
\JY1/mc/m/n/10 検
 []


Overfull \hbox (9.62216pt too wide) in paragraph at lines 1--9
\JY1/mc/m/n/10 知
 []


Overfull \hbox (9.62216pt too wide) in paragraph at lines 1--9
\JY1/mc/m/n/10 す
 []


Overfull \hbox (9.62216pt too wide) in paragraph at lines 1--9
\JY1/mc/m/n/10 る
 []


Overfull \hbox (9.62216pt too wide) in paragraph at lines 1--9
\JY1/mc/m/n/10 こ
 []


Overfull \hbox (9.62216pt too wide) in paragraph at lines 1--9
\JY1/mc/m/n/10 と
 []


Overfull \hbox (9.62216pt too wide) in paragraph at lines 1--9
\JY1/mc/m/n/10 が
 []


Overfull \hbox (9.62216pt too wide) in paragraph at lines 1--9
\JY1/mc/m/n/10 で
 []


Overfull \hbox (9.62216pt too wide) in paragraph at lines 1--9
\JY1/mc/m/n/10 き
 []


Overfull \hbox (9.62216pt too wide) in paragraph at lines 1--9
\JY1/mc/m/n/10 な
 []


Overfull \hbox (14.1623pt too wide) in paragraph at lines 1--9
\JY1/mc/m/n/10 い 。 
 []


Overfull \hbox (15.97226pt too wide) in paragraph at lines 1--9
[]\OT1/cmr/m/n/10 IPS
 []


Overfull \hbox (9.62216pt too wide) in paragraph at lines 1--9
\JY1/mc/m/n/10 は
 []


Overfull \hbox (16.80559pt too wide) in paragraph at lines 1--9
\OT1/cmr/m/n/10 IDS
 []


Overfull \hbox (9.62216pt too wide) in paragraph at lines 1--9
\JY1/mc/m/n/10 と
 []


Overfull \hbox (9.62216pt too wide) in paragraph at lines 1--9
\JY1/mc/m/n/10 機
 []


Overfull \hbox (9.62216pt too wide) in paragraph at lines 1--9
\JY1/mc/m/n/10 能
 []


Overfull \hbox (9.62216pt too wide) in paragraph at lines 1--9
\JY1/mc/m/n/10 自
 []


Overfull \hbox (9.62216pt too wide) in paragraph at lines 1--9
\JY1/mc/m/n/10 体
 []


Overfull \hbox (9.62216pt too wide) in paragraph at lines 1--9
\JY1/mc/m/n/10 は
 []


Overfull \hbox (9.62216pt too wide) in paragraph at lines 1--9
\JY1/mc/m/n/10 ほ
 []


Overfull \hbox (9.62216pt too wide) in paragraph at lines 1--9
\JY1/mc/m/n/10 ぼ
 []


Overfull \hbox (9.62216pt too wide) in paragraph at lines 1--9
\JY1/mc/m/n/10 同
 []


Overfull \hbox (9.62216pt too wide) in paragraph at lines 1--9
\JY1/mc/m/n/10 じ
 []


Overfull \hbox (9.62216pt too wide) in paragraph at lines 1--9
\JY1/mc/m/n/10 な
 []


Overfull \hbox (9.62216pt too wide) in paragraph at lines 1--9
\JY1/mc/m/n/10 の
 []


Overfull \hbox (9.62216pt too wide) in paragraph at lines 1--9
\JY1/mc/m/n/10 だ
 []


Overfull \hbox (14.1623pt too wide) in paragraph at lines 1--9
\JY1/mc/m/n/10 が 、
 []


Overfull \hbox (9.62216pt too wide) in paragraph at lines 1--9
\JY1/mc/m/n/10 大
 []


Overfull \hbox (9.62216pt too wide) in paragraph at lines 1--9
\JY1/mc/m/n/10 き
 []


Overfull \hbox (9.62216pt too wide) in paragraph at lines 1--9
\JY1/mc/m/n/10 く
 []


Overfull \hbox (9.62216pt too wide) in paragraph at lines 1--9
\JY1/mc/m/n/10 違
 []


Overfull \hbox (9.62216pt too wide) in paragraph at lines 1--9
\JY1/mc/m/n/10 う
 []


Overfull \hbox (9.62216pt too wide) in paragraph at lines 1--9
\JY1/mc/m/n/10 点
 []


Overfull \hbox (9.62216pt too wide) in paragraph at lines 1--9
\JY1/mc/m/n/10 は
 []


Overfull \hbox (15.97226pt too wide) in paragraph at lines 1--9
\OT1/cmr/m/n/10 IPS
 []


Overfull \hbox (9.62216pt too wide) in paragraph at lines 1--9
\JY1/mc/m/n/10 は
 []


Overfull \hbox (9.62216pt too wide) in paragraph at lines 1--9
\JY1/mc/m/n/10 異
 []


Overfull \hbox (9.62216pt too wide) in paragraph at lines 1--9
\JY1/mc/m/n/10 常
 []


Overfull \hbox (9.62216pt too wide) in paragraph at lines 1--9
\JY1/mc/m/n/10 を
 []


Overfull \hbox (9.62216pt too wide) in paragraph at lines 1--9
\JY1/mc/m/n/10 検
 []


Overfull \hbox (9.62216pt too wide) in paragraph at lines 1--9
\JY1/mc/m/n/10 知
 []


Overfull \hbox (9.62216pt too wide) in paragraph at lines 1--9
\JY1/mc/m/n/10 し
 []


Overfull \hbox (9.62216pt too wide) in paragraph at lines 1--9
\JY1/mc/m/n/10 て
 []


Overfull \hbox (9.62216pt too wide) in paragraph at lines 1--9
\JY1/mc/m/n/10 管
 []


Overfull \hbox (9.62216pt too wide) in paragraph at lines 1--9
\JY1/mc/m/n/10 理
 []


Overfull \hbox (9.62216pt too wide) in paragraph at lines 1--9
\JY1/mc/m/n/10 者
 []


Overfull \hbox (9.62216pt too wide) in paragraph at lines 1--9
\JY1/mc/m/n/10 に
 []


Overfull \hbox (9.62216pt too wide) in paragraph at lines 1--9
\JY1/mc/m/n/10 通
 []


Overfull \hbox (9.62216pt too wide) in paragraph at lines 1--9
\JY1/mc/m/n/10 報
 []


Overfull \hbox (9.62216pt too wide) in paragraph at lines 1--9
\JY1/mc/m/n/10 す
 []


Overfull \hbox (9.62216pt too wide) in paragraph at lines 1--9
\JY1/mc/m/n/10 る
 []


Overfull \hbox (9.62216pt too wide) in paragraph at lines 1--9
\JY1/mc/m/n/10 の
 []


Overfull \hbox (9.62216pt too wide) in paragraph at lines 1--9
\JY1/mc/m/n/10 み
 []


Overfull \hbox (9.62216pt too wide) in paragraph at lines 1--9
\JY1/mc/m/n/10 だ
 []


Overfull \hbox (14.1623pt too wide) in paragraph at lines 1--9
\JY1/mc/m/n/10 が 、
 []


Overfull \hbox (16.80559pt too wide) in paragraph at lines 1--9
\OT1/cmr/m/n/10 IDS
 []


Overfull \hbox (9.62216pt too wide) in paragraph at lines 1--9
\JY1/mc/m/n/10 は
 []


Overfull \hbox (9.62216pt too wide) in paragraph at lines 1--9
\JY1/mc/m/n/10 ア
 []


Overfull \hbox (9.62216pt too wide) in paragraph at lines 1--9
\JY1/mc/m/n/10 ク
 []


Overfull \hbox (9.62216pt too wide) in paragraph at lines 1--9
\JY1/mc/m/n/10 セ
 []


Overfull \hbox (9.62216pt too wide) in paragraph at lines 1--9
\JY1/mc/m/n/10 ス
 []


Overfull \hbox (9.62216pt too wide) in paragraph at lines 1--9
\JY1/mc/m/n/10 自
 []


Overfull \hbox (9.62216pt too wide) in paragraph at lines 1--9
\JY1/mc/m/n/10 体
 []


Overfull \hbox (9.62216pt too wide) in paragraph at lines 1--9
\JY1/mc/m/n/10 を
 []


Overfull \hbox (9.62216pt too wide) in paragraph at lines 1--9
\JY1/mc/m/n/10 遮
 []


Overfull \hbox (9.62216pt too wide) in paragraph at lines 1--9
\JY1/mc/m/n/10 断
 []


Overfull \hbox (9.62216pt too wide) in paragraph at lines 1--9
\JY1/mc/m/n/10 す
 []


Overfull \hbox (9.62216pt too wide) in paragraph at lines 1--9
\JY1/mc/m/n/10 る
 []


Overfull \hbox (9.62216pt too wide) in paragraph at lines 1--9
\JY1/mc/m/n/10 と
 []


Overfull \hbox (9.62216pt too wide) in paragraph at lines 1--9
\JY1/mc/m/n/10 い
 []


Overfull \hbox (9.62216pt too wide) in paragraph at lines 1--9
\JY1/mc/m/n/10 う
 []


Overfull \hbox (9.62216pt too wide) in paragraph at lines 1--9
\JY1/mc/m/n/10 こ
 []


Overfull \hbox (9.62216pt too wide) in paragraph at lines 1--9
\JY1/mc/m/n/10 と
 []


Overfull \hbox (9.62216pt too wide) in paragraph at lines 1--9
\JY1/mc/m/n/10 で
 []


Overfull \hbox (9.62216pt too wide) in paragraph at lines 1--9
\JY1/mc/m/n/10 あ
 []


Overfull \hbox (14.1623pt too wide) in paragraph at lines 1--9
\JY1/mc/m/n/10 る 。
 []


Overfull \hbox (15.97226pt too wide) in paragraph at lines 1--9
\OT1/cmr/m/n/10 IPS
 []


Overfull \hbox (9.62216pt too wide) in paragraph at lines 1--9
\JY1/mc/m/n/10 と
 []


Overfull \hbox (16.80559pt too wide) in paragraph at lines 1--9
\OT1/cmr/m/n/10 IDS
 []


Overfull \hbox (9.62216pt too wide) in paragraph at lines 1--9
\JY1/mc/m/n/10 は
 []


Overfull \hbox (9.62216pt too wide) in paragraph at lines 1--9
\JY1/mc/m/n/10 セ
 []


Overfull \hbox (9.62216pt too wide) in paragraph at lines 1--9
\JY1/mc/m/n/10 キ
 []


Overfull \hbox (7.47433pt too wide) in paragraph at lines 1--9
\JY1/mc/m/n/10 ュ
 []


Overfull \hbox (9.62216pt too wide) in paragraph at lines 1--9
\JY1/mc/m/n/10 リ
 []


Overfull \hbox (9.62216pt too wide) in paragraph at lines 1--9
\JY1/mc/m/n/10 テ
 []


Overfull \hbox (7.47433pt too wide) in paragraph at lines 1--9
\JY1/mc/m/n/10 ィ
 []


Overfull \hbox (9.62216pt too wide) in paragraph at lines 1--9
\JY1/mc/m/n/10 ポ
 []


Overfull \hbox (9.62216pt too wide) in paragraph at lines 1--9
\JY1/mc/m/n/10 リ
 []


Overfull \hbox (18.74432pt too wide) in paragraph at lines 1--9
\JY1/mc/m/n/10 シ ー
 []


Overfull \hbox (9.62216pt too wide) in paragraph at lines 1--9
\JY1/mc/m/n/10 や
 []


Overfull \hbox (9.62216pt too wide) in paragraph at lines 1--9
\JY1/mc/m/n/10 設
 []


Overfull \hbox (9.62216pt too wide) in paragraph at lines 1--9
\JY1/mc/m/n/10 置
 []


Overfull \hbox (9.62216pt too wide) in paragraph at lines 1--9
\JY1/mc/m/n/10 場
 []


Overfull \hbox (9.62216pt too wide) in paragraph at lines 1--9
\JY1/mc/m/n/10 所
 []


Overfull \hbox (9.62216pt too wide) in paragraph at lines 1--9
\JY1/mc/m/n/10 に
 []


Overfull \hbox (9.62216pt too wide) in paragraph at lines 1--9
\JY1/mc/m/n/10 よ
 []


Overfull \hbox (7.47433pt too wide) in paragraph at lines 1--9
\JY1/mc/m/n/10 っ
 []


Overfull \hbox (9.62216pt too wide) in paragraph at lines 1--9
\JY1/mc/m/n/10 て
 []


Overfull \hbox (9.62216pt too wide) in paragraph at lines 1--9
\JY1/mc/m/n/10 使
 []


Overfull \hbox (9.62216pt too wide) in paragraph at lines 1--9
\JY1/mc/m/n/10 い
 []


Overfull \hbox (9.62216pt too wide) in paragraph at lines 1--9
\JY1/mc/m/n/10 分
 []


Overfull \hbox (9.62216pt too wide) in paragraph at lines 1--9
\JY1/mc/m/n/10 け
 []


Overfull \hbox (9.62216pt too wide) in paragraph at lines 1--9
\JY1/mc/m/n/10 る
 []


Overfull \hbox (9.62216pt too wide) in paragraph at lines 1--9
\JY1/mc/m/n/10 こ
 []


Overfull \hbox (9.62216pt too wide) in paragraph at lines 1--9
\JY1/mc/m/n/10 と
 []


Overfull \hbox (9.62216pt too wide) in paragraph at lines 1--9
\JY1/mc/m/n/10 が
 []


Overfull \hbox (9.62216pt too wide) in paragraph at lines 1--9
\JY1/mc/m/n/10 重
 []


Overfull \hbox (9.62216pt too wide) in paragraph at lines 1--9
\JY1/mc/m/n/10 要
 []


Overfull \hbox (9.62216pt too wide) in paragraph at lines 1--9
\JY1/mc/m/n/10 と
 []


Overfull \hbox (9.62216pt too wide) in paragraph at lines 1--9
\JY1/mc/m/n/10 な
 []


Overfull \hbox (14.1623pt too wide) in paragraph at lines 1--9
\JY1/mc/m/n/10 る 。 
 []


./02related.tex:9: LaTeX Error: The font size command \normalsize is not defined:
               there is probably something wrong with the class file.

See the LaTeX manual or LaTeX Companion for explanation.
Type  H <return>  for immediate help.
 ...                                              
                                                  
l.9 
    
Your command was ignored.
Type  I <command> <return>  to replace it with another command,
or  <return>  to continue without it.

[1]
./02related.tex:11: Undefined control sequence.
l.11 \section
             {scikit-learn}
The control sequence at the end of the top line
of your error message was never \def'ed. If you have
misspelled it (e.g., `\hobx'), type `I' and the correct
spelling (e.g., `I\hbox'). Otherwise just continue,
and I'll forget about whatever was undefined.


./02related.tex:11: LaTeX Error: Missing \begin{document}.

See the LaTeX manual or LaTeX Companion for explanation.
Type  H <return>  for immediate help.
 ...                                              
                                                  
l.11 \section{s
               cikit-learn}
You're in trouble here.  Try typing  <return>  to proceed.
If that doesn't work, type  X <return>  to quit.


Overfull \hbox (46.44449pt too wide) in paragraph at lines 11--15
[]\OT1/cmr/m/n/10 scikit-
 []


Overfull \hbox (21.69449pt too wide) in paragraph at lines 11--15
\OT1/cmr/m/n/10 learn
 []


Overfull \hbox (9.62216pt too wide) in paragraph at lines 11--15
\JY1/mc/m/n/10 近
 []


Overfull \hbox (9.62216pt too wide) in paragraph at lines 11--15
\JY1/mc/m/n/10 年
 []


Overfull \hbox (9.62216pt too wide) in paragraph at lines 11--15
\JY1/mc/m/n/10 機
 []


Overfull \hbox (9.62216pt too wide) in paragraph at lines 11--15
\JY1/mc/m/n/10 械
 []


Overfull \hbox (9.62216pt too wide) in paragraph at lines 11--15
\JY1/mc/m/n/10 学
 []


Overfull \hbox (9.62216pt too wide) in paragraph at lines 11--15
\JY1/mc/m/n/10 習
 []


Overfull \hbox (9.62216pt too wide) in paragraph at lines 11--15
\JY1/mc/m/n/10 開
 []


Overfull \hbox (9.62216pt too wide) in paragraph at lines 11--15
\JY1/mc/m/n/10 発
 []


Overfull \hbox (9.62216pt too wide) in paragraph at lines 11--15
\JY1/mc/m/n/10 が
 []


Overfull \hbox (9.62216pt too wide) in paragraph at lines 11--15
\JY1/mc/m/n/10 積
 []


Overfull \hbox (9.62216pt too wide) in paragraph at lines 11--15
\JY1/mc/m/n/10 極
 []


Overfull \hbox (9.62216pt too wide) in paragraph at lines 11--15
\JY1/mc/m/n/10 的
 []


Overfull \hbox (9.62216pt too wide) in paragraph at lines 11--15
\JY1/mc/m/n/10 に
 []


Overfull \hbox (9.62216pt too wide) in paragraph at lines 11--15
\JY1/mc/m/n/10 進
 []


Overfull \hbox (9.62216pt too wide) in paragraph at lines 11--15
\JY1/mc/m/n/10 ん
 []


Overfull \hbox (9.62216pt too wide) in paragraph at lines 11--15
\JY1/mc/m/n/10 で
 []


Overfull \hbox (9.62216pt too wide) in paragraph at lines 11--15
\JY1/mc/m/n/10 お
 []


Overfull \hbox (14.18115pt too wide) in paragraph at lines 11--15
\JY1/mc/m/n/10 り、
 []


Overfull \hbox (17.0965pt too wide) in paragraph at lines 11--15
\JY1/mc/m/n/10 様 々
 []


Overfull \hbox (9.62216pt too wide) in paragraph at lines 11--15
\JY1/mc/m/n/10 な
 []


Overfull \hbox (9.62216pt too wide) in paragraph at lines 11--15
\JY1/mc/m/n/10 ア
 []


Overfull \hbox (9.62216pt too wide) in paragraph at lines 11--15
\JY1/mc/m/n/10 ル
 []


Overfull \hbox (9.62216pt too wide) in paragraph at lines 11--15
\JY1/mc/m/n/10 ゴ
 []


Overfull \hbox (9.62216pt too wide) in paragraph at lines 11--15
\JY1/mc/m/n/10 ル
 []


Overfull \hbox (9.62216pt too wide) in paragraph at lines 11--15
\JY1/mc/m/n/10 ズ
 []


Overfull \hbox (9.62216pt too wide) in paragraph at lines 11--15
\JY1/mc/m/n/10 ム
 []


Overfull \hbox (9.62216pt too wide) in paragraph at lines 11--15
\JY1/mc/m/n/10 が
 []


Overfull \hbox (9.62216pt too wide) in paragraph at lines 11--15
\JY1/mc/m/n/10 使
 []


Overfull \hbox (9.62216pt too wide) in paragraph at lines 11--15
\JY1/mc/m/n/10 用
 []


Overfull \hbox (9.62216pt too wide) in paragraph at lines 11--15
\JY1/mc/m/n/10 で
 []


Overfull \hbox (9.62216pt too wide) in paragraph at lines 11--15
\JY1/mc/m/n/10 き
 []


Overfull \hbox (9.62216pt too wide) in paragraph at lines 11--15
\JY1/mc/m/n/10 る
 []


Overfull \hbox (9.62216pt too wide) in paragraph at lines 11--15
\JY1/mc/m/n/10 よ
 []


Overfull \hbox (14.18115pt too wide) in paragraph at lines 11--15
\JY1/mc/m/n/10 う、
 []


Overfull \hbox (9.62216pt too wide) in paragraph at lines 11--15
\JY1/mc/m/n/10 ラ
 []


Overfull \hbox (9.62216pt too wide) in paragraph at lines 11--15
\JY1/mc/m/n/10 イ
 []


Overfull \hbox (9.62216pt too wide) in paragraph at lines 11--15
\JY1/mc/m/n/10 ブ
 []


Overfull \hbox (9.62216pt too wide) in paragraph at lines 11--15
\JY1/mc/m/n/10 ラ
 []


Overfull \hbox (9.62216pt too wide) in paragraph at lines 11--15
\JY1/mc/m/n/10 リ
 []


Overfull \hbox (9.62216pt too wide) in paragraph at lines 11--15
\JY1/mc/m/n/10 の
 []


Overfull \hbox (9.62216pt too wide) in paragraph at lines 11--15
\JY1/mc/m/n/10 開
 []


Overfull \hbox (9.62216pt too wide) in paragraph at lines 11--15
\JY1/mc/m/n/10 発
 []


Overfull \hbox (9.62216pt too wide) in paragraph at lines 11--15
\JY1/mc/m/n/10 が
 []


Overfull \hbox (9.62216pt too wide) in paragraph at lines 11--15
\JY1/mc/m/n/10 進
 []


Overfull \hbox (9.62216pt too wide) in paragraph at lines 11--15
\JY1/mc/m/n/10 ん
 []


Overfull \hbox (9.62216pt too wide) in paragraph at lines 11--15
\JY1/mc/m/n/10 で
 []


Overfull \hbox (9.62216pt too wide) in paragraph at lines 11--15
\JY1/mc/m/n/10 い
 []


Overfull \hbox (14.1623pt too wide) in paragraph at lines 11--15
\JY1/mc/m/n/10 る 。 
 []


Overfull \hbox (26.44449pt too wide) in paragraph at lines 11--15
[]\OT1/cmr/m/n/10 scikit-
 []


Overfull \hbox (21.69449pt too wide) in paragraph at lines 11--15
\OT1/cmr/m/n/10 learn
 []


Overfull \hbox (9.62216pt too wide) in paragraph at lines 11--15
\JY1/mc/m/n/10 は
 []


Overfull \hbox (9.62216pt too wide) in paragraph at lines 11--15
\JY1/mc/m/n/10 そ
 []


Overfull \hbox (9.62216pt too wide) in paragraph at lines 11--15
\JY1/mc/m/n/10 の
 []


Overfull \hbox (9.62216pt too wide) in paragraph at lines 11--15
\JY1/mc/m/n/10 よ
 []


Overfull \hbox (9.62216pt too wide) in paragraph at lines 11--15
\JY1/mc/m/n/10 う
 []


Overfull \hbox (9.62216pt too wide) in paragraph at lines 11--15
\JY1/mc/m/n/10 な
 []


Overfull \hbox (9.62216pt too wide) in paragraph at lines 11--15
\JY1/mc/m/n/10 複
 []


Overfull \hbox (9.62216pt too wide) in paragraph at lines 11--15
\JY1/mc/m/n/10 数
 []


Overfull \hbox (9.62216pt too wide) in paragraph at lines 11--15
\JY1/mc/m/n/10 の
 []


Overfull \hbox (9.62216pt too wide) in paragraph at lines 11--15
\JY1/mc/m/n/10 ラ
 []


Overfull \hbox (9.62216pt too wide) in paragraph at lines 11--15
\JY1/mc/m/n/10 イ
 []


Overfull \hbox (9.62216pt too wide) in paragraph at lines 11--15
\JY1/mc/m/n/10 ブ
 []


Overfull \hbox (9.62216pt too wide) in paragraph at lines 11--15
\JY1/mc/m/n/10 ラ
 []


Overfull \hbox (9.62216pt too wide) in paragraph at lines 11--15
\JY1/mc/m/n/10 リ
 []


Overfull \hbox (9.62216pt too wide) in paragraph at lines 11--15
\JY1/mc/m/n/10 を
 []


Overfull \hbox (9.62216pt too wide) in paragraph at lines 11--15
\JY1/mc/m/n/10 ま
 []


Overfull \hbox (9.62216pt too wide) in paragraph at lines 11--15
\JY1/mc/m/n/10 と
 []


Overfull \hbox (9.62216pt too wide) in paragraph at lines 11--15
\JY1/mc/m/n/10 め
 []


Overfull \hbox (9.62216pt too wide) in paragraph at lines 11--15
\JY1/mc/m/n/10 て
 []


Overfull \hbox (9.62216pt too wide) in paragraph at lines 11--15
\JY1/mc/m/n/10 使
 []


Overfull \hbox (9.62216pt too wide) in paragraph at lines 11--15
\JY1/mc/m/n/10 い
 []


Overfull \hbox (9.62216pt too wide) in paragraph at lines 11--15
\JY1/mc/m/n/10 や
 []


Overfull \hbox (9.62216pt too wide) in paragraph at lines 11--15
\JY1/mc/m/n/10 す
 []


Overfull \hbox (9.62216pt too wide) in paragraph at lines 11--15
\JY1/mc/m/n/10 く
 []


Overfull \hbox (9.62216pt too wide) in paragraph at lines 11--15
\JY1/mc/m/n/10 し
 []


Overfull \hbox (9.62216pt too wide) in paragraph at lines 11--15
\JY1/mc/m/n/10 た
 []


Overfull \hbox (9.62216pt too wide) in paragraph at lines 11--15
\JY1/mc/m/n/10 ラ
 []


Overfull \hbox (9.62216pt too wide) in paragraph at lines 11--15
\JY1/mc/m/n/10 イ
 []


Overfull \hbox (9.62216pt too wide) in paragraph at lines 11--15
\JY1/mc/m/n/10 ブ
 []


Overfull \hbox (9.62216pt too wide) in paragraph at lines 11--15
\JY1/mc/m/n/10 ラ
 []


Overfull \hbox (9.62216pt too wide) in paragraph at lines 11--15
\JY1/mc/m/n/10 リ
 []


Overfull \hbox (9.62216pt too wide) in paragraph at lines 11--15
\JY1/mc/m/n/10 で
 []


Overfull \hbox (9.62216pt too wide) in paragraph at lines 11--15
\JY1/mc/m/n/10 あ
 []


Overfull \hbox (14.1623pt too wide) in paragraph at lines 11--15
\JY1/mc/m/n/10 る 。
 []


Overfull \hbox (9.62216pt too wide) in paragraph at lines 11--15
\JY1/mc/m/n/10 サ
 []


Overfull \hbox (18.74432pt too wide) in paragraph at lines 11--15
\JY1/mc/m/n/10 ポ ー
 []


Overfull \hbox (9.62216pt too wide) in paragraph at lines 11--15
\JY1/mc/m/n/10 ト
 []


Overfull \hbox (9.62216pt too wide) in paragraph at lines 11--15
\JY1/mc/m/n/10 ベ
 []


Overfull \hbox (9.62216pt too wide) in paragraph at lines 11--15
\JY1/mc/m/n/10 ク
 []


Overfull \hbox (18.74432pt too wide) in paragraph at lines 11--15
\JY1/mc/m/n/10 タ ー
 []


Overfull \hbox (9.62216pt too wide) in paragraph at lines 11--15
\JY1/mc/m/n/10 マ
 []


Overfull \hbox (9.62216pt too wide) in paragraph at lines 11--15
\JY1/mc/m/n/10 シ
 []


Overfull \hbox (14.1623pt too wide) in paragraph at lines 11--15
\JY1/mc/m/n/10 ン 、
 []


Overfull \hbox (9.62216pt too wide) in paragraph at lines 11--15
\JY1/mc/m/n/10 ラ
 []


Overfull \hbox (9.62216pt too wide) in paragraph at lines 11--15
\JY1/mc/m/n/10 ン
 []


Overfull \hbox (9.62216pt too wide) in paragraph at lines 11--15
\JY1/mc/m/n/10 ダ
 []


Overfull \hbox (9.62216pt too wide) in paragraph at lines 11--15
\JY1/mc/m/n/10 ム
 []


Overfull \hbox (9.62216pt too wide) in paragraph at lines 11--15
\JY1/mc/m/n/10 フ
 []


Overfull \hbox (7.47433pt too wide) in paragraph at lines 11--15
\JY1/mc/m/n/10 ォ
 []


Overfull \hbox (9.62216pt too wide) in paragraph at lines 11--15
\JY1/mc/m/n/10 レ
 []


Overfull \hbox (9.62216pt too wide) in paragraph at lines 11--15
\JY1/mc/m/n/10 ス
 []


Overfull \hbox (13.70001pt too wide) in paragraph at lines 11--15
\JY1/mc/m/n/10 ト、
 []


Overfull \hbox (20.09724pt too wide) in paragraph at lines 11--15
\OT1/cmr/m/n/10 Gra-
 []


Overfull \hbox (11.66669pt too wide) in paragraph at lines 11--15
\OT1/cmr/m/n/10 di-
 []


Overfull \hbox (13.61113pt too wide) in paragraph at lines 11--15
\OT1/cmr/m/n/10 ent
 []


Overfull \hbox (28.52785pt too wide) in paragraph at lines 11--15
\OT1/cmr/m/n/10 Boost-
 []


Overfull \hbox (18.3735pt too wide) in paragraph at lines 11--15
\OT1/cmr/m/n/10 ing\JY1/mc/m/n/10 、
 []


Overfull \hbox (5.2778pt too wide) in paragraph at lines 11--15
\OT1/cmr/m/n/10 k
 []


Overfull \hbox (9.62216pt too wide) in paragraph at lines 11--15
\JY1/mc/m/n/10 近
 []


Overfull \hbox (9.62216pt too wide) in paragraph at lines 11--15
\JY1/mc/m/n/10 傍
 []


Overfull \hbox (14.1623pt too wide) in paragraph at lines 11--15
\JY1/mc/m/n/10 法 、
 []


Overfull \hbox (18.05559pt too wide) in paragraph at lines 11--15
\OT1/cmr/m/n/10 DB-
 []


Overfull \hbox (27.77783pt too wide) in paragraph at lines 11--15
\OT1/cmr/m/n/10 SCAN
 []


Overfull \hbox (9.62216pt too wide) in paragraph at lines 11--15
\JY1/mc/m/n/10 な
 []


Overfull \hbox (9.62216pt too wide) in paragraph at lines 11--15
\JY1/mc/m/n/10 ど
 []


Overfull \hbox (9.62216pt too wide) in paragraph at lines 11--15
\JY1/mc/m/n/10 を
 []


Overfull \hbox (9.62216pt too wide) in paragraph at lines 11--15
\JY1/mc/m/n/10 含
 []


Overfull \hbox (9.62216pt too wide) in paragraph at lines 11--15
\JY1/mc/m/n/10 む
 []


Overfull \hbox (17.0965pt too wide) in paragraph at lines 11--15
\JY1/mc/m/n/10 様 々
 []


Overfull \hbox (9.62216pt too wide) in paragraph at lines 11--15
\JY1/mc/m/n/10 な
 []


Overfull \hbox (9.62216pt too wide) in paragraph at lines 11--15
\JY1/mc/m/n/10 分
 []


Overfull \hbox (14.1623pt too wide) in paragraph at lines 11--15
\JY1/mc/m/n/10 類 、
 []


Overfull \hbox (9.62216pt too wide) in paragraph at lines 11--15
\JY1/mc/m/n/10 回
 []


Overfull \hbox (14.1623pt too wide) in paragraph at lines 11--15
\JY1/mc/m/n/10 帰 、
 []


Overfull \hbox (9.62216pt too wide) in paragraph at lines 11--15
\JY1/mc/m/n/10 ク
 []


Overfull \hbox (9.62216pt too wide) in paragraph at lines 11--15
\JY1/mc/m/n/10 ラ
 []


Overfull \hbox (9.62216pt too wide) in paragraph at lines 11--15
\JY1/mc/m/n/10 ス
 []


Overfull \hbox (9.62216pt too wide) in paragraph at lines 11--15
\JY1/mc/m/n/10 タ
 []


Overfull \hbox (9.62216pt too wide) in paragraph at lines 11--15
\JY1/mc/m/n/10 リ
 []


Overfull \hbox (9.62216pt too wide) in paragraph at lines 11--15
\JY1/mc/m/n/10 ン
 []


Overfull \hbox (9.62216pt too wide) in paragraph at lines 11--15
\JY1/mc/m/n/10 グ
 []


Overfull \hbox (9.62216pt too wide) in paragraph at lines 11--15
\JY1/mc/m/n/10 ア
 []


Overfull \hbox (9.62216pt too wide) in paragraph at lines 11--15
\JY1/mc/m/n/10 ル
 []


Overfull \hbox (9.62216pt too wide) in paragraph at lines 11--15
\JY1/mc/m/n/10 ゴ
 []


Overfull \hbox (9.62216pt too wide) in paragraph at lines 11--15
\JY1/mc/m/n/10 リ
 []


Overfull \hbox (9.62216pt too wide) in paragraph at lines 11--15
\JY1/mc/m/n/10 ズ
 []


Overfull \hbox (9.62216pt too wide) in paragraph at lines 11--15
\JY1/mc/m/n/10 ム
 []


Overfull \hbox (9.62216pt too wide) in paragraph at lines 11--15
\JY1/mc/m/n/10 を
 []


Overfull \hbox (9.62216pt too wide) in paragraph at lines 11--15
\JY1/mc/m/n/10 備
 []


Overfull \hbox (9.62216pt too wide) in paragraph at lines 11--15
\JY1/mc/m/n/10 え
 []


Overfull \hbox (9.62216pt too wide) in paragraph at lines 11--15
\JY1/mc/m/n/10 て
 []


Overfull \hbox (9.62216pt too wide) in paragraph at lines 11--15
\JY1/mc/m/n/10 お
 []


Overfull \hbox (14.18115pt too wide) in paragraph at lines 11--15
\JY1/mc/m/n/10 り、
 []


Overfull \hbox (32.08344pt too wide) in paragraph at lines 11--15
\OT1/cmr/m/n/10 Python
 []


Overfull \hbox (9.62216pt too wide) in paragraph at lines 11--15
\JY1/mc/m/n/10 の
 []


Overfull \hbox (9.62216pt too wide) in paragraph at lines 11--15
\JY1/mc/m/n/10 数
 []


Overfull \hbox (9.62216pt too wide) in paragraph at lines 11--15
\JY1/mc/m/n/10 値
 []


Overfull \hbox (9.62216pt too wide) in paragraph at lines 11--15
\JY1/mc/m/n/10 計
 []


Overfull \hbox (9.62216pt too wide) in paragraph at lines 11--15
\JY1/mc/m/n/10 算
 []


Overfull \hbox (9.62216pt too wide) in paragraph at lines 11--15
\JY1/mc/m/n/10 ラ
 []


Overfull \hbox (9.62216pt too wide) in paragraph at lines 11--15
\JY1/mc/m/n/10 イ
 []


Overfull \hbox (9.62216pt too wide) in paragraph at lines 11--15
\JY1/mc/m/n/10 ブ
 []


Overfull \hbox (9.62216pt too wide) in paragraph at lines 11--15
\JY1/mc/m/n/10 ラ
 []


Overfull \hbox (9.62216pt too wide) in paragraph at lines 11--15
\JY1/mc/m/n/10 リ
 []


Overfull \hbox (9.62216pt too wide) in paragraph at lines 11--15
\JY1/mc/m/n/10 の
 []


Overfull \hbox (33.47232pt too wide) in paragraph at lines 11--15
\OT1/cmr/m/n/10 NumPy
 []


Overfull \hbox (9.62216pt too wide) in paragraph at lines 11--15
\JY1/mc/m/n/10 と
 []


Overfull \hbox (24.86118pt too wide) in paragraph at lines 11--15
\OT1/cmr/m/n/10 SciPy
 []


Overfull \hbox (9.62216pt too wide) in paragraph at lines 11--15
\JY1/mc/m/n/10 と
 []


Overfull \hbox (9.62216pt too wide) in paragraph at lines 11--15
\JY1/mc/m/n/10 や
 []


Overfull \hbox (9.62216pt too wide) in paragraph at lines 11--15
\JY1/mc/m/n/10 り
 []


Overfull \hbox (9.62216pt too wide) in paragraph at lines 11--15
\JY1/mc/m/n/10 取
 []


Overfull \hbox (9.62216pt too wide) in paragraph at lines 11--15
\JY1/mc/m/n/10 り
 []


Overfull \hbox (9.62216pt too wide) in paragraph at lines 11--15
\JY1/mc/m/n/10 す
 []


Overfull \hbox (9.62216pt too wide) in paragraph at lines 11--15
\JY1/mc/m/n/10 る
 []


Overfull \hbox (9.62216pt too wide) in paragraph at lines 11--15
\JY1/mc/m/n/10 よ
 []


Overfull \hbox (9.62216pt too wide) in paragraph at lines 11--15
\JY1/mc/m/n/10 う
 []


Overfull \hbox (9.62216pt too wide) in paragraph at lines 11--15
\JY1/mc/m/n/10 設
 []


Overfull \hbox (9.62216pt too wide) in paragraph at lines 11--15
\JY1/mc/m/n/10 計
 []


Overfull \hbox (9.62216pt too wide) in paragraph at lines 11--15
\JY1/mc/m/n/10 さ
 []


Overfull \hbox (9.62216pt too wide) in paragraph at lines 11--15
\JY1/mc/m/n/10 れ
 []


Overfull \hbox (9.62216pt too wide) in paragraph at lines 11--15
\JY1/mc/m/n/10 て
 []


Overfull \hbox (9.62216pt too wide) in paragraph at lines 11--15
\JY1/mc/m/n/10 い
 []


Overfull \hbox (14.1623pt too wide) in paragraph at lines 11--15
\JY1/mc/m/n/10 る 。 
 []

./02related.tex:16: Undefined control sequence.
l.16 \section
             {metasploit}
The control sequence at the end of the top line
of your error message was never \def'ed. If you have
misspelled it (e.g., `\hobx'), type `I' and the correct
spelling (e.g., `I\hbox'). Otherwise just continue,
and I'll forget about whatever was undefined.


./02related.tex:16: LaTeX Error: Missing \begin{document}.

See the LaTeX manual or LaTeX Companion for explanation.
Type  H <return>  for immediate help.
 ...                                              
                                                  
l.16 \section{m
               etasploit}
You're in trouble here.  Try typing  <return>  to proceed.
If that doesn't work, type  X <return>  to quit.


Overfull \hbox (65.61122pt too wide) in paragraph at lines 16--17
[]\OT1/cmr/m/n/10 metasploit 
 []

./02related.tex:18: Undefined control sequence.
l.18 \section
             {Nessus}
The control sequence at the end of the top line
of your error message was never \def'ed. If you have
misspelled it (e.g., `\hobx'), type `I' and the correct
spelling (e.g., `I\hbox'). Otherwise just continue,
and I'll forget about whatever was undefined.


./02related.tex:18: LaTeX Error: Missing \begin{document}.

See the LaTeX manual or LaTeX Companion for explanation.
Type  H <return>  for immediate help.
 ...                                              
                                                  
l.18 \section{N
               essus}
You're in trouble here.  Try typing  <return>  to proceed.
If that doesn't work, type  X <return>  to quit.

)
! Emergency stop.
<*> ./02related.tex
                   
*** (job aborted, no legal \end found)

 
Here is how much of TeX's memory you used:
 5 strings out of 493629
 65 string characters out of 6150198
 66944 words of memory out of 5000000
 3700 multiletter control sequences out of 15000+600000
 7511 words of font info for 31 fonts, out of 8000000 for 9000
 929 hyphenation exceptions out of 8191
 17i,4n,10p,285b,110s stack positions out of 5000i,500n,10000p,500000b,80000s
Output written on 02related.dvi (1 page, 876 bytes).
